<?xml version="1.0" encoding="UTF-8"?>
<!-- Generated by org.testng.reporters.JUnitXMLReporter -->
<testsuite ignored="0" hostname="DESKTOP-8HBP6N5" failures="0" tests="9" name="Default test" time="6.467" errors="0" timestamp="2024-02-19T16:13:41 EST">
  <testcase classname="api.test.DDTests" name="testPostUser" time="1.858"/>
  <testcase classname="api.test.DDTests" name="testPostUser" time="0.253"/>
  <testcase classname="api.test.DDTests" name="testPostUser" time="0.243"/>
  <testcase classname="api.test.DDTests" name="testGetUserByName" time="0.295"/>
  <testcase classname="api.test.DDTests" name="testGetUserByName" time="0.325"/>
  <testcase classname="api.test.DDTests" name="testGetUserByName" time="0.281"/>
  <testcase classname="api.test.DDTests" name="testDeleteUser" time="0.242"/>
  <testcase classname="api.test.DDTests" name="testDeleteUser" time="0.269"/>
  <testcase classname="api.test.DDTests" name="testDeleteUser" time="0.227"/>
</testsuite> <!-- Default test -->
