<?xml version="1.0" encoding="UTF-8"?>
<testng-results ignored="0" total="5" passed="5" failed="0" skipped="0">
  <reporter-output>
  </reporter-output>
  <suite started-at="2024-02-20T15:18:21 EST" name="PetSuite" finished-at="2024-02-20T15:18:27 EST" duration-ms="5468">
    <groups>
    </groups>
    <test started-at="2024-02-20T15:18:21 EST" name="PetTest" finished-at="2024-02-20T15:18:27 EST" duration-ms="5468">
      <class name="api.test.UserTests2">
        <test-method is-config="true" signature="setupData()[pri:0, instance:api.test.UserTests2@7e07db1f]" started-at="2024-02-20T15:18:22 EST" name="setupData" finished-at="2024-02-20T15:18:23 EST" duration-ms="1514" status="PASS">
          <reporter-output>
          </reporter-output>
        </test-method> <!-- setupData -->
        <test-method signature="testPostUser()[pri:1, instance:api.test.UserTests2@7e07db1f]" started-at="2024-02-20T15:18:23 EST" name="testPostUser" finished-at="2024-02-20T15:18:26 EST" duration-ms="2465" status="PASS">
          <reporter-output>
          </reporter-output>
        </test-method> <!-- testPostUser -->
        <test-method signature="tetsGetUserByName()[pri:2, instance:api.test.UserTests2@7e07db1f]" started-at="2024-02-20T15:18:26 EST" name="tetsGetUserByName" finished-at="2024-02-20T15:18:26 EST" duration-ms="380" status="PASS">
          <reporter-output>
          </reporter-output>
        </test-method> <!-- tetsGetUserByName -->
        <test-method signature="testUpdateUserByName()[pri:3, instance:api.test.UserTests2@7e07db1f]" started-at="2024-02-20T15:18:26 EST" name="testUpdateUserByName" finished-at="2024-02-20T15:18:26 EST" duration-ms="212" status="PASS">
          <reporter-output>
          </reporter-output>
        </test-method> <!-- testUpdateUserByName -->
        <test-method signature="testGetUpdatedUserEmail()[pri:4, instance:api.test.UserTests2@7e07db1f]" started-at="2024-02-20T15:18:26 EST" name="testGetUpdatedUserEmail" finished-at="2024-02-20T15:18:27 EST" duration-ms="245" status="PASS">
          <reporter-output>
          </reporter-output>
        </test-method> <!-- testGetUpdatedUserEmail -->
        <test-method signature="testDeleteUserByName()[pri:5, instance:api.test.UserTests2@7e07db1f]" started-at="2024-02-20T15:18:27 EST" name="testDeleteUserByName" finished-at="2024-02-20T15:18:27 EST" duration-ms="250" status="PASS">
          <reporter-output>
          </reporter-output>
        </test-method> <!-- testDeleteUserByName -->
      </class> <!-- api.test.UserTests2 -->
    </test> <!-- PetTest -->
  </suite> <!-- PetSuite -->
</testng-results>
