<?xml version="1.0" encoding="UTF-8"?>
<!-- Generated by org.testng.reporters.JUnitXMLReporter -->
<testsuite ignored="0" hostname="DESKTOP-8HBP6N5" failures="0" tests="5" name="PetTest" time="5.468" errors="0" timestamp="2024-02-20T15:18:27 EST">
  <testcase classname="api.test.UserTests2" name="testPostUser" time="2.465"/>
  <testcase classname="api.test.UserTests2" name="tetsGetUserByName" time="0.38"/>
  <testcase classname="api.test.UserTests2" name="testUpdateUserByName" time="0.212"/>
  <testcase classname="api.test.UserTests2" name="testGetUpdatedUserEmail" time="0.245"/>
  <testcase classname="api.test.UserTests2" name="testDeleteUserByName" time="0.25"/>
</testsuite> <!-- PetTest -->
